2023-05-15 17:50:25,820:WARNING:
'cuml' is a soft dependency and not included in the pycaret installation. Please run: `pip install cuml` to install.
2023-05-15 17:50:25,820:WARNING:
'cuml' is a soft dependency and not included in the pycaret installation. Please run: `pip install cuml` to install.
2023-05-15 17:50:25,820:WARNING:
'cuml' is a soft dependency and not included in the pycaret installation. Please run: `pip install cuml` to install.
2023-05-15 17:50:25,820:WARNING:
'cuml' is a soft dependency and not included in the pycaret installation. Please run: `pip install cuml` to install.
2023-05-15 17:50:26,594:WARNING:
'prophet' is a soft dependency and not included in the pycaret installation. Please run: `pip install prophet` to install.
2023-05-15 17:50:28,130:INFO:PyCaret ClassificationExperiment
2023-05-15 17:50:28,130:INFO:Logging name: clf-default-name
2023-05-15 17:50:28,130:INFO:ML Usecase: MLUsecase.CLASSIFICATION
2023-05-15 17:50:28,130:INFO:version 3.0.1
2023-05-15 17:50:28,130:INFO:Initializing setup()
2023-05-15 17:50:28,130:INFO:self.USI: 1b30
2023-05-15 17:50:28,130:INFO:self._variable_keys: {'pipeline', 'y', 'data', 'USI', 'y_test', 'X_train', 'exp_id', 'is_multiclass', 'log_plots_param', 'fold_generator', 'gpu_param', 'gpu_n_jobs_param', 'fix_imbalance', 'y_train', 'X_test', 'target_param', 'exp_name_log', '_ml_usecase', '_available_plots', 'fold_shuffle_param', 'logging_param', 'fold_groups_param', 'n_jobs_param', 'html_param', 'X', 'seed', 'idx', 'memory'}
2023-05-15 17:50:28,130:INFO:Checking environment
2023-05-15 17:50:28,130:INFO:python_version: 3.10.11
2023-05-15 17:50:28,130:INFO:python_build: ('main', 'May 10 2023 19:07:22')
2023-05-15 17:50:28,130:INFO:machine: x86_64
2023-05-15 17:50:28,130:INFO:platform: macOS-13.3.1-x86_64-i386-64bit
2023-05-15 17:50:28,131:INFO:Memory: svmem(total=17179869184, available=5701705728, percent=66.8, used=9516924928, free=12619776, active=5694001152, inactive=5648822272, wired=3822923776)
2023-05-15 17:50:28,131:INFO:Physical Core: 6
2023-05-15 17:50:28,131:INFO:Logical Core: 12
2023-05-15 17:50:28,131:INFO:Checking libraries
2023-05-15 17:50:28,131:INFO:System:
2023-05-15 17:50:28,131:INFO:    python: 3.10.11 | packaged by conda-forge | (main, May 10 2023, 19:07:22) [Clang 14.0.6 ]
2023-05-15 17:50:28,131:INFO:executable: /Users/Michael_Enudi/opt/anaconda3/envs/autopycaret/bin/python
2023-05-15 17:50:28,131:INFO:   machine: macOS-13.3.1-x86_64-i386-64bit
2023-05-15 17:50:28,131:INFO:PyCaret required dependencies:
2023-05-15 17:50:28,131:INFO:                 pip: 23.1.2
2023-05-15 17:50:28,131:INFO:          setuptools: 67.7.2
2023-05-15 17:50:28,131:INFO:             pycaret: 3.0.1
2023-05-15 17:50:28,131:INFO:             IPython: 8.13.2
2023-05-15 17:50:28,131:INFO:          ipywidgets: 8.0.6
2023-05-15 17:50:28,131:INFO:                tqdm: 4.65.0
2023-05-15 17:50:28,131:INFO:               numpy: 1.23.5
2023-05-15 17:50:28,131:INFO:              pandas: 1.5.3
2023-05-15 17:50:28,131:INFO:              jinja2: 3.1.2
2023-05-15 17:50:28,131:INFO:               scipy: 1.10.1
2023-05-15 17:50:28,131:INFO:              joblib: 1.2.0
2023-05-15 17:50:28,132:INFO:             sklearn: 1.2.2
2023-05-15 17:50:28,132:INFO:                pyod: 1.0.9
2023-05-15 17:50:28,132:INFO:            imblearn: 0.10.1
2023-05-15 17:50:28,132:INFO:   category_encoders: 2.6.0
2023-05-15 17:50:28,132:INFO:            lightgbm: 3.3.5
2023-05-15 17:50:28,132:INFO:               numba: 0.57.0
2023-05-15 17:50:28,132:INFO:            requests: 2.30.0
2023-05-15 17:50:28,132:INFO:          matplotlib: 3.7.1
2023-05-15 17:50:28,132:INFO:          scikitplot: 0.3.7
2023-05-15 17:50:28,132:INFO:         yellowbrick: 1.5
2023-05-15 17:50:28,132:INFO:              plotly: 5.14.1
2023-05-15 17:50:28,132:INFO:             kaleido: 0.2.1
2023-05-15 17:50:28,132:INFO:         statsmodels: 0.14.0
2023-05-15 17:50:28,132:INFO:              sktime: 0.17.0
2023-05-15 17:50:28,132:INFO:               tbats: 1.1.3
2023-05-15 17:50:28,132:INFO:            pmdarima: 2.0.3
2023-05-15 17:50:28,132:INFO:              psutil: 5.9.5
2023-05-15 17:50:28,132:INFO:PyCaret optional dependencies:
2023-05-15 17:50:28,150:INFO:                shap: Not installed
2023-05-15 17:50:28,150:INFO:           interpret: Not installed
2023-05-15 17:50:28,150:INFO:                umap: Not installed
2023-05-15 17:50:28,150:INFO:    pandas_profiling: Not installed
2023-05-15 17:50:28,150:INFO:  explainerdashboard: Not installed
2023-05-15 17:50:28,150:INFO:             autoviz: Not installed
2023-05-15 17:50:28,150:INFO:           fairlearn: Not installed
2023-05-15 17:50:28,150:INFO:             xgboost: Not installed
2023-05-15 17:50:28,150:INFO:            catboost: Not installed
2023-05-15 17:50:28,150:INFO:              kmodes: Not installed
2023-05-15 17:50:28,150:INFO:             mlxtend: Not installed
2023-05-15 17:50:28,150:INFO:       statsforecast: Not installed
2023-05-15 17:50:28,150:INFO:        tune_sklearn: Not installed
2023-05-15 17:50:28,150:INFO:                 ray: Not installed
2023-05-15 17:50:28,150:INFO:            hyperopt: Not installed
2023-05-15 17:50:28,150:INFO:              optuna: Not installed
2023-05-15 17:50:28,150:INFO:               skopt: Not installed
2023-05-15 17:50:28,150:INFO:              mlflow: Not installed
2023-05-15 17:50:28,151:INFO:              gradio: Not installed
2023-05-15 17:50:28,151:INFO:             fastapi: Not installed
2023-05-15 17:50:28,151:INFO:             uvicorn: Not installed
2023-05-15 17:50:28,151:INFO:              m2cgen: Not installed
2023-05-15 17:50:28,151:INFO:           evidently: Not installed
2023-05-15 17:50:28,151:INFO:               fugue: Not installed
2023-05-15 17:50:28,151:INFO:           streamlit: Not installed
2023-05-15 17:50:28,151:INFO:             prophet: Not installed
2023-05-15 17:50:28,151:INFO:None
2023-05-15 17:50:28,151:INFO:Set up data.
2023-05-15 17:50:28,158:INFO:Set up train/test split.
2023-05-15 17:50:28,169:INFO:Set up index.
2023-05-15 17:50:28,169:INFO:Set up folding strategy.
2023-05-15 17:50:28,170:INFO:Assigning column types.
2023-05-15 17:50:28,174:INFO:Engine successfully changes for model 'lr' to 'sklearn'.
2023-05-15 17:50:28,221:INFO:Engine for model 'knn' has not been set explicitly, hence returning None.
2023-05-15 17:50:28,224:INFO:Engine for model 'rbfsvm' has not been set explicitly, hence returning None.
2023-05-15 17:50:28,259:WARNING:
'xgboost' is a soft dependency and not included in the pycaret installation. Please run: `pip install xgboost` to install.
Alternately, you can install this by running `pip install pycaret[models]`
